<?xml version="1.0" encoding="UTF-8"?>
<!-- Generated by org.testng.reporters.JUnitReportReporter -->
<testsuite skipped="0" hostname="dell-PC" name="script.VerifyInvalidLogin" tests="1" failures="0" timestamp="01 Dec 2018 21:44:17 GMT" time="12.966" errors="0">
  <testcase name="testVerifyInvalidLogin" time="12.966" classname="script.VerifyInvalidLogin"/>
</testsuite> <!-- script.VerifyInvalidLogin -->
