<?xml version="1.0" encoding="UTF-8"?>
<!-- Generated by org.testng.reporters.JUnitReportReporter -->
<testsuite skipped="0" hostname="dell-PC" name="script.VerifyLoginPage" tests="1" failures="0" timestamp="01 Dec 2018 21:21:10 GMT" time="19.637" errors="0">
  <testcase name="testVerifyLoginPage" time="19.637" classname="script.VerifyLoginPage"/>
</testsuite> <!-- script.VerifyLoginPage -->
