<?xml version="1.0" encoding="UTF-8"?>
<!-- Generated by org.testng.reporters.JUnitReportReporter -->
<testsuite skipped="0" hostname="dell-PC" name="script.VerifyLoginLogout" tests="1" failures="0" timestamp="01 Dec 2018 21:29:32 GMT" time="13.297" errors="0">
  <testcase name="testVerifyLoginLogout" time="13.297" classname="script.VerifyLoginLogout"/>
</testsuite> <!-- script.VerifyLoginLogout -->
